2025-07-28 15:33:15,716 - Connection - INFO - Fetch all data for 2024-09-05
2025-07-28 15:33:15,909 - Connection - INFO - Get summary from 2024-08-01 to 2024-08-05
2025-07-28 15:33:30,702 - Connection - INFO - Fetch all data for 2024-09-05
2025-07-28 15:33:51,462 - Connection - INFO - Delete data by date 2024-09-05
2025-07-28 15:33:51,576 - Connection - INFO - Insert data 2024-09-05 -- 1000.0 -- Rent -- Monthly rent payment
2025-07-28 15:33:51,700 - Connection - INFO - Insert data 2024-09-05 -- 250.0 -- Food -- Groceries for the week
2025-07-29 13:57:52,440 - Connection - INFO - Delete data by date 2024-09-05
2025-07-29 13:57:54,286 - Connection - INFO - Insert data 2024-09-05 -- 1000.0 -- Rent -- Monthly rent payment
2025-07-29 13:57:54,486 - Connection - INFO - Insert data 2024-09-05 -- 250.0 -- Food -- Groceries for the week
2025-07-29 13:58:06,223 - Connection - INFO - Fetch all data for 2024-09-05
2025-07-29 14:37:58,554 - Connection - INFO - Fetch all data for 2024-08-16
2025-07-29 14:38:59,879 - Connection - INFO - Fetch all data for 2024-08-05
2025-07-29 14:39:13,401 - Connection - INFO - Fetch all data for 2024-08-01
2025-07-29 14:39:15,846 - Connection - INFO - Fetch all data for 2024-08-02
2025-07-29 14:39:17,962 - Connection - INFO - Fetch all data for 2024-08-03
2025-07-29 14:39:20,236 - Connection - INFO - Fetch all data for 2024-08-04
2025-07-29 14:39:22,392 - Connection - INFO - Fetch all data for 2024-08-05
2025-07-29 14:39:26,108 - Connection - INFO - Fetch all data for 2024-08-06
2025-07-29 14:39:28,008 - Connection - INFO - Fetch all data for 2024-08-07
2025-07-29 14:39:30,193 - Connection - INFO - Fetch all data for 2024-08-08
2025-07-29 14:39:32,868 - Connection - INFO - Fetch all data for 2024-08-01
2025-07-29 14:39:35,660 - Connection - INFO - Fetch all data for 2024-08-02
2025-07-29 14:54:32,129 - Connection - INFO - Fetch all data for 2024-08-02
2025-07-29 14:56:27,689 - Connection - INFO - Fetch all data for 2024-08-02
2025-07-29 14:58:27,347 - Connection - INFO - Fetch all data for 2024-08-02
2025-07-29 15:00:22,872 - Connection - INFO - Fetch all data for 2024-08-02
2025-07-29 15:06:21,684 - Connection - INFO - Fetch all data for 2024-08-02
2025-07-29 15:06:49,149 - Connection - INFO - Fetch all data for 2024-08-02
2025-07-29 15:06:53,200 - Connection - INFO - Fetch all data for 2024-08-03
2025-07-29 15:08:02,348 - Connection - INFO - Fetch all data for 2024-08-02
2025-07-29 15:08:08,565 - Connection - INFO - Fetch all data for 2024-08-03
2025-07-29 15:08:11,917 - Connection - INFO - Fetch all data for 2024-08-05
2025-07-29 15:08:15,745 - Connection - INFO - Fetch all data for 2024-08-15
2025-07-29 15:09:11,894 - Connection - INFO - Fetch all data for 2024-08-02
2025-07-29 15:09:16,124 - Connection - INFO - Fetch all data for 2024-08-03
2025-07-29 15:09:18,552 - Connection - INFO - Fetch all data for 2024-08-04
2025-07-29 15:09:57,477 - Connection - INFO - Fetch all data for 2024-08-02
2025-07-29 15:10:01,350 - Connection - INFO - Fetch all data for 2024-08-05
2025-07-29 15:10:03,540 - Connection - INFO - Fetch all data for 2024-08-04
2025-07-29 15:10:07,904 - Connection - INFO - Fetch all data for 2024-08-15
2025-07-29 15:10:25,546 - Connection - INFO - Fetch all data for 2024-08-02
2025-07-29 15:10:28,301 - Connection - INFO - Fetch all data for 2024-08-15
2025-07-29 15:10:34,668 - Connection - INFO - Fetch all data for 2024-08-17
2025-07-29 15:10:37,688 - Connection - INFO - Fetch all data for 2024-08-20
2025-07-29 15:10:40,019 - Connection - INFO - Fetch all data for 2024-08-08
2025-07-29 15:10:44,203 - Connection - INFO - Fetch all data for 2024-08-05
2025-07-29 15:11:15,244 - Connection - INFO - Fetch all data for 2024-08-02
2025-07-29 15:11:48,499 - Connection - INFO - Fetch all data for 2024-08-02
2025-07-29 15:12:11,767 - Connection - INFO - Fetch all data for 2024-08-09
2025-07-29 15:12:15,999 - Connection - INFO - Fetch all data for 2024-08-16
2025-07-29 15:12:19,566 - Connection - INFO - Fetch all data for 2024-08-15
2025-07-29 15:12:23,789 - Connection - INFO - Fetch all data for 2024-08-12
2025-07-29 15:12:28,024 - Connection - INFO - Fetch all data for 2024-08-07
2025-07-29 15:12:31,032 - Connection - INFO - Fetch all data for 2024-08-08
2025-07-29 15:12:33,249 - Connection - INFO - Fetch all data for 2024-08-04
2025-07-29 15:13:02,659 - Connection - INFO - Fetch all data for 2024-08-04
2025-07-29 15:13:04,512 - Connection - INFO - Fetch all data for 2024-08-04
2025-07-29 15:27:33,454 - Connection - INFO - Fetch all data for 2024-08-02
2025-07-29 15:27:45,349 - Connection - INFO - Fetch all data for 2024-08-02
2025-07-29 15:27:51,696 - Connection - INFO - Fetch all data for 2024-08-04
2025-07-29 15:28:03,547 - Connection - INFO - Fetch all data for 2024-08-05
2025-07-29 15:28:06,962 - Connection - INFO - Fetch all data for 2024-08-07
2025-07-29 15:28:10,523 - Connection - INFO - Fetch all data for 2024-08-15
2025-07-29 15:29:14,180 - Connection - INFO - Fetch all data for 2024-08-15
2025-07-29 15:29:14,443 - Connection - INFO - Delete data by date 2024-08-15
2025-07-29 15:29:14,764 - Connection - INFO - Insert data 2024-08-15 -- 10.0 -- Shopping -- Bought potatoes
2025-07-29 15:29:14,885 - Connection - INFO - Insert data 2024-08-15 -- 10.0 -- Shopping -- GUCCI BAG
2025-07-29 15:29:15,070 - Connection - INFO - Insert data 2024-08-15 -- 6.0 -- Food -- ALO GOBI
2025-07-29 15:29:50,728 - Connection - INFO - Fetch all data for 2024-08-15
2025-07-29 15:29:50,909 - Connection - INFO - Delete data by date 2024-08-15
2025-07-29 15:29:51,041 - Connection - INFO - Insert data 2024-08-15 -- 10.0 -- Shopping -- Bought potatoes
2025-07-29 15:29:51,297 - Connection - INFO - Insert data 2024-08-15 -- 10.0 -- Shopping -- GUCCI BAG
2025-07-29 15:29:51,416 - Connection - INFO - Insert data 2024-08-15 -- 6.0 -- Food -- ALO GOBI
2025-07-29 15:30:08,953 - Connection - INFO - Fetch all data for 2024-08-08
2025-07-29 15:30:11,215 - Connection - INFO - Fetch all data for 2024-08-15
2025-07-29 15:30:32,710 - Connection - INFO - Fetch all data for 2024-08-15
2025-07-29 15:30:32,993 - Connection - INFO - Delete data by date 2024-08-15
2025-07-29 15:30:33,176 - Connection - INFO - Insert data 2024-08-15 -- 10.0 -- Shopping -- Bought potatoes
2025-07-29 15:30:33,467 - Connection - INFO - Insert data 2024-08-15 -- 6.0 -- Food -- ALO GOBI
2025-07-29 15:30:50,158 - Connection - INFO - Fetch all data for 2024-08-01
2025-07-29 15:30:52,729 - Connection - INFO - Fetch all data for 2024-08-15
2025-07-29 15:30:57,327 - Connection - INFO - Fetch all data for 2024-08-01
2025-07-30 07:19:10,719 - Connection - INFO - Fetch all data for 2024-08-02
2025-07-30 07:19:31,454 - Connection - INFO - Fetch all data for 2024-08-10
2025-07-30 07:19:44,863 - Connection - INFO - Fetch all data for 2024-08-05
2025-07-30 07:19:51,371 - Connection - INFO - Fetch all data for 2024-08-04
2025-07-30 07:19:55,312 - Connection - INFO - Fetch all data for 2024-08-15
2025-07-30 09:21:27,997 - Connection - INFO - Fetch all data for 2024-08-02
2025-07-30 09:33:21,370 - Connection - INFO - Get summary from 2024-08-02 to 2024-09-01
2025-07-30 09:35:01,454 - Connection - INFO - Get summary from 2024-08-02 to 2024-09-01
2025-07-30 09:40:31,088 - Connection - INFO - Get summary from 2024-08-02 to 2024-09-01
2025-07-30 09:45:07,241 - Connection - INFO - Get summary from 2024-08-02 to 2024-09-01
2025-07-30 09:48:17,266 - Connection - INFO - Get summary from 2024-08-02 to 2024-09-01
2025-07-30 09:52:26,183 - Connection - INFO - Get summary from 2024-08-02 to 2024-09-01
2025-07-30 09:52:32,100 - Connection - INFO - Get summary from 2024-08-02 to 2024-09-01
2025-07-30 10:12:34,270 - Connection - INFO - Fetch all data for 2024-08-02
2025-07-30 10:12:47,017 - Connection - INFO - Fetch all data for 2024-08-04
2025-07-30 10:12:51,497 - Connection - INFO - Fetch all data for 2024-08-15
2025-07-30 10:13:02,097 - Connection - INFO - Fetch all data for 2024-09-02
2025-07-30 10:13:08,649 - Connection - INFO - Fetch all data for 2024-09-10
2025-07-30 10:13:12,078 - Connection - INFO - Fetch all data for 2024-09-04
2025-07-30 10:20:23,807 - Connection - INFO - Fetch all data for 2024-08-02
2025-07-30 10:21:20,470 - Connection - INFO - Fetch all data for 2024-08-02
2025-07-30 10:21:59,693 - Connection - INFO - Fetch all data for 2024-08-02
2025-07-30 10:23:10,353 - Connection - INFO - Fetch all data for 2024-08-02
2025-07-30 10:24:17,864 - Connection - INFO - Fetch all data for 2024-08-02
2025-07-30 10:24:22,713 - Connection - INFO - Fetch all data for 2024-08-02
2025-07-30 10:24:24,889 - Connection - INFO - Fetch all data for 2024-08-02
2025-07-30 11:52:09,433 - Connection - INFO - Fetch all data for 2024-08-02
2025-07-30 11:52:14,697 - Connection - INFO - Fetch all data for 2024-08-02
2025-07-30 11:52:17,803 - Connection - INFO - Fetch all data for 2024-08-02
2025-07-30 11:52:44,278 - Connection - INFO - Fetch all data for 2024-08-02
2025-07-30 11:52:52,534 - Connection - INFO - Fetch all data for 2024-08-02
2025-07-30 11:52:55,078 - Connection - INFO - Fetch all data for 2024-08-02
2025-07-30 11:53:32,230 - Connection - INFO - Fetch all data for 2024-08-02
2025-07-30 12:13:46,408 - Connection - INFO - Get summary from 2024-08-02 to 2024-08-15
2025-07-30 12:14:51,128 - Connection - INFO - Fetch all data for 2024-08-02
2025-07-30 12:15:01,970 - Connection - INFO - Fetch all data for 2024-08-02
2025-07-30 12:15:04,512 - Connection - INFO - Fetch all data for 2024-08-02
2025-07-30 12:15:53,427 - Connection - INFO - Fetch all data for 2024-08-02
2025-07-30 12:16:30,865 - Connection - INFO - Fetch all data for 2024-08-02
2025-07-30 12:16:35,503 - Connection - INFO - Fetch all data for 2024-08-02
2025-07-30 12:16:37,217 - Connection - INFO - Fetch all data for 2024-08-02
2025-07-30 12:16:39,047 - Connection - INFO - Fetch all data for 2024-08-02
2025-07-30 12:17:21,275 - Connection - INFO - Fetch all data for 2024-08-02
2025-07-30 12:17:26,758 - Connection - INFO - Fetch all data for 2024-08-02
2025-07-30 12:17:29,727 - Connection - INFO - Fetch all data for 2024-08-02
2025-07-30 12:19:57,878 - Connection - INFO - Fetch all data for 2024-08-02
2025-07-30 12:20:03,281 - Connection - INFO - Fetch all data for 2024-08-02
2025-07-30 12:20:53,090 - Connection - INFO - Fetch all data for 2024-08-02
2025-07-30 12:21:58,289 - Connection - INFO - Fetch all data for 2024-08-02
2025-07-30 12:21:58,506 - Connection - INFO - Get summary from 2024-08-02 to 2024-08-15
2025-07-30 12:26:27,588 - Connection - INFO - Fetch all data for 2024-08-02
2025-07-30 12:26:27,758 - Connection - INFO - Get summary from 2024-08-02 to 2024-08-15
2025-07-30 12:26:35,268 - Connection - INFO - Fetch all data for 2024-08-02
2025-07-30 12:26:35,405 - Connection - INFO - Get summary from 2024-08-02 to 2024-08-15
2025-07-30 12:26:39,027 - Connection - INFO - Fetch all data for 2024-08-02
2025-07-30 12:26:39,145 - Connection - INFO - Get summary from 2024-08-02 to 2024-08-12
2025-07-30 12:27:55,173 - Connection - INFO - Fetch all data for 2024-08-02
2025-07-30 12:27:55,446 - Connection - INFO - Get summary from 2024-08-02 to 2024-08-15
2025-07-30 12:34:06,863 - Connection - INFO - Fetch all data for 2024-08-02
2025-07-30 12:34:09,600 - Connection - INFO - Fetch all data for 2024-08-02
2025-07-30 12:34:09,902 - Connection - INFO - Get summary from 2024-08-02 to 2024-08-15
2025-07-30 12:37:24,913 - Connection - INFO - Fetch all data for 2024-08-02
2025-07-30 12:37:29,049 - Connection - INFO - Fetch all data for 2024-08-02
2025-07-30 12:37:29,226 - Connection - INFO - Get summary from 2024-08-02 to 2024-08-15
2025-07-30 12:39:28,417 - Connection - INFO - Fetch all data for 2024-08-02
2025-07-30 12:39:30,836 - Connection - INFO - Fetch all data for 2024-08-02
2025-07-30 12:39:31,010 - Connection - INFO - Get summary from 2024-08-02 to 2024-08-15
2025-07-30 12:40:35,160 - Connection - INFO - Fetch all data for 2024-08-02
2025-07-30 12:40:37,857 - Connection - INFO - Fetch all data for 2024-08-02
2025-07-30 12:40:38,020 - Connection - INFO - Get summary from 2024-08-02 to 2024-08-15
2025-07-30 12:46:45,566 - Connection - INFO - Fetch all data for 2024-08-02
2025-07-30 12:46:48,780 - Connection - INFO - Fetch all data for 2024-08-02
2025-07-30 12:46:48,918 - Connection - INFO - Get summary from 2024-08-02 to 2024-08-15
2025-07-30 12:48:16,004 - Connection - INFO - Fetch all data for 2024-08-02
2025-07-30 12:48:18,208 - Connection - INFO - Fetch all data for 2024-08-02
2025-07-30 12:48:18,393 - Connection - INFO - Get summary from 2024-08-02 to 2024-08-15
2025-07-30 12:48:50,393 - Connection - INFO - Fetch all data for 2024-08-02
2025-07-30 12:48:53,096 - Connection - INFO - Fetch all data for 2024-08-02
2025-07-30 12:48:53,311 - Connection - INFO - Get summary from 2024-08-02 to 2024-08-15
2025-07-30 12:49:04,963 - Connection - INFO - Fetch all data for 2024-08-02
2025-07-30 12:49:07,393 - Connection - INFO - Fetch all data for 2024-08-02
2025-07-30 12:49:07,568 - Connection - INFO - Get summary from 2024-08-02 to 2024-08-15
2025-07-30 12:50:19,816 - Connection - INFO - Fetch all data for 2024-08-02
2025-07-30 12:50:22,913 - Connection - INFO - Fetch all data for 2024-08-02
2025-07-30 12:50:23,254 - Connection - INFO - Get summary from 2024-08-02 to 2024-08-15
2025-07-30 12:50:42,172 - Connection - INFO - Fetch all data for 2024-08-02
2025-07-30 12:50:45,184 - Connection - INFO - Fetch all data for 2024-08-02
2025-07-30 12:50:45,490 - Connection - INFO - Get summary from 2024-08-02 to 2024-08-15
2025-07-30 12:54:22,033 - Connection - INFO - Fetch all data for 2024-08-02
2025-07-30 12:54:25,157 - Connection - INFO - Fetch all data for 2024-08-02
2025-07-30 12:54:25,459 - Connection - INFO - Get summary from 2024-08-02 to 2024-08-15
2025-07-30 12:58:17,110 - Connection - INFO - Fetch all data for 2024-08-02
2025-07-30 12:58:20,054 - Connection - INFO - Fetch all data for 2024-08-02
2025-07-30 12:58:20,198 - Connection - INFO - Get summary from 2024-08-02 to 2024-08-15
2025-07-30 12:59:53,761 - Connection - INFO - Fetch all data for 2024-08-02
2025-07-30 12:59:56,630 - Connection - INFO - Fetch all data for 2024-08-02
2025-07-30 12:59:56,791 - Connection - INFO - Get summary from 2024-08-02 to 2024-08-15
2025-07-30 13:01:09,742 - Connection - INFO - Fetch all data for 2024-08-02
2025-07-30 13:01:12,364 - Connection - INFO - Fetch all data for 2024-08-02
2025-07-30 13:01:12,487 - Connection - INFO - Get summary from 2024-08-02 to 2024-08-15
2025-07-30 13:02:14,131 - Connection - INFO - Fetch all data for 2024-08-02
2025-07-30 13:02:23,545 - Connection - INFO - Fetch all data for 2024-08-02
2025-07-30 13:03:59,777 - Connection - INFO - Get summary from 2024-08-02 to 2024-08-15
2025-07-30 13:14:35,826 - Connection - INFO - Fetch all data for 2024-08-02
2025-07-30 13:14:41,702 - Connection - INFO - Fetch all data for 2024-08-02
2025-07-30 13:14:41,843 - Connection - INFO - Get summary from 2024-08-02 to 2024-08-15
2025-07-30 13:19:40,880 - Connection - INFO - Get summary from 2024-08-02 to 2024-09-02
2025-07-30 13:20:04,719 - Connection - INFO - Get summary from 2024-08-02 to 2024-09-02
2025-07-30 13:22:38,426 - Connection - INFO - Fetch all data for 2024-08-02
2025-07-30 13:22:41,929 - Connection - INFO - Fetch all data for 2024-08-02
2025-07-30 13:23:02,867 - Connection - INFO - Fetch all data for 2024-08-02
2025-07-30 13:23:05,518 - Connection - INFO - Fetch all data for 2024-08-02
2025-07-30 13:23:05,642 - Connection - INFO - Get summary from 2024-08-02 to 2024-08-15
2025-07-30 13:23:12,750 - Connection - INFO - Fetch all data for 2024-08-02
2025-07-30 13:23:17,291 - Connection - INFO - Fetch all data for 2024-08-02
2025-07-30 13:23:17,421 - Connection - INFO - Get summary from 2024-08-06 to 2024-08-15
2025-07-30 13:24:34,004 - Connection - INFO - Fetch all data for 2024-08-02
2025-07-30 13:24:36,999 - Connection - INFO - Fetch all data for 2024-08-02
2025-07-30 13:24:37,130 - Connection - INFO - Get summary from 2024-08-02 to 2024-08-15
2025-07-30 13:24:41,933 - Connection - INFO - Fetch all data for 2024-08-02
2025-07-30 13:24:44,423 - Connection - INFO - Fetch all data for 2024-08-02
2025-07-30 13:24:44,571 - Connection - INFO - Get summary from 2024-08-02 to 2024-08-15
2025-07-30 13:26:59,963 - Connection - INFO - Get summary from 2024-08-02 to 2024-08-15
2025-07-30 13:32:08,311 - Connection - INFO - Get summary from 2024-08-02 to 2024-08-15
2025-07-30 13:35:09,539 - Connection - INFO - Get summary from 2024-08-02 to 2024-08-15
2025-07-30 13:35:44,678 - Connection - INFO - Fetch all data for 2024-08-02
2025-07-30 13:35:48,461 - Connection - INFO - Fetch all data for 2024-08-02
2025-07-30 13:40:22,318 - Connection - INFO - Fetch all data for 2024-08-02
2025-07-30 13:40:45,700 - Connection - INFO - Fetch all data for 2024-08-02
2025-07-30 13:40:49,333 - Connection - INFO - Fetch all data for 2024-08-03
2025-07-30 13:40:51,849 - Connection - INFO - Fetch all data for 2024-08-15
2025-07-30 13:40:55,470 - Connection - INFO - Fetch all data for 2024-08-15
2025-07-30 13:41:00,072 - Connection - INFO - Fetch all data for 2024-08-15
2025-07-30 13:41:03,217 - Connection - INFO - Fetch all data for 2024-08-15
2025-07-30 13:41:03,785 - Connection - INFO - Fetch all data for 2024-08-15
2025-07-30 13:41:24,459 - Connection - INFO - Fetch all data for 2024-08-15
2025-07-30 13:41:32,864 - Connection - INFO - Fetch all data for 2024-08-02
2025-07-30 13:41:35,412 - Connection - INFO - Fetch all data for 2024-08-02
2025-07-30 13:45:55,398 - Connection - INFO - Fetch all data for 2024-08-02
2025-07-30 13:45:59,573 - Connection - INFO - Fetch all data for 2024-08-02
2025-07-30 13:45:59,984 - Connection - INFO - Get summary from 2024-08-02 to 2024-08-15
2025-07-30 13:48:31,361 - Connection - INFO - Fetch all data for 2024-08-02
2025-07-30 13:48:35,270 - Connection - INFO - Fetch all data for 2024-08-02
2025-07-30 13:48:35,424 - Connection - INFO - Get summary from 2024-08-02 to 2024-08-15
2025-07-30 13:49:27,088 - Connection - INFO - Fetch all data for 2024-08-02
2025-07-30 13:49:29,832 - Connection - INFO - Fetch all data for 2024-08-02
2025-07-30 13:49:30,016 - Connection - INFO - Get summary from 2024-08-02 to 2024-08-15
2025-07-30 13:50:39,632 - Connection - INFO - Fetch all data for 2024-08-02
2025-07-30 13:50:42,472 - Connection - INFO - Fetch all data for 2024-08-02
2025-07-30 13:50:42,659 - Connection - INFO - Get summary from 2024-08-02 to 2024-08-15
2025-07-30 13:51:42,088 - Connection - INFO - Fetch all data for 2024-08-02
2025-07-30 13:51:44,744 - Connection - INFO - Fetch all data for 2024-08-02
2025-07-30 13:51:44,858 - Connection - INFO - Get summary from 2024-08-02 to 2024-08-15
2025-07-30 13:52:02,115 - Connection - INFO - Fetch all data for 2024-08-02
2025-07-30 13:52:06,005 - Connection - INFO - Fetch all data for 2024-08-02
2025-07-30 13:52:06,112 - Connection - INFO - Get summary from 2024-08-02 to 2024-08-15
2025-07-30 13:54:36,991 - Connection - INFO - Fetch all data for 2024-08-02
2025-07-30 13:54:37,119 - Connection - INFO - Get summary from 2024-08-02 to 2024-08-15
2025-07-30 13:55:29,026 - Connection - INFO - Fetch all data for 2024-08-02
2025-07-30 13:55:30,624 - Connection - INFO - Get summary from 2024-08-02 to 2024-08-15
2025-07-30 13:56:51,718 - Connection - INFO - Fetch all data for 2024-08-02
2025-07-30 13:56:51,835 - Connection - INFO - Get summary from 2024-08-02 to 2024-08-15
2025-07-30 13:59:20,605 - Connection - INFO - Fetch all data for 2024-08-02
2025-07-30 13:59:22,499 - Connection - INFO - Fetch all data for 2024-08-02
2025-07-30 13:59:22,645 - Connection - INFO - Get summary from 2024-08-02 to 2024-08-15
2025-07-30 14:01:08,654 - Connection - INFO - Fetch all data for 2024-08-02
2025-07-30 14:01:14,745 - Connection - INFO - Fetch all data for 2024-08-02
2025-07-30 14:01:14,851 - Connection - INFO - Get summary from 2024-08-02 to 2024-08-15
2025-07-30 14:03:26,944 - Connection - INFO - Fetch all data for 2024-08-02
2025-07-30 14:03:27,071 - Connection - INFO - Get summary from 2024-08-02 to 2024-08-15
2025-07-30 14:06:27,189 - Connection - INFO - Fetch all data for 2024-08-02
2025-07-30 14:06:27,322 - Connection - INFO - Get summary from 2024-08-02 to 2024-08-15
2025-07-30 14:07:31,773 - Connection - INFO - Fetch all data for 2024-08-02
2025-07-30 14:07:32,037 - Connection - INFO - Get summary from 2024-08-02 to 2024-08-15
2025-07-30 14:16:46,570 - Connection - INFO - Fetch all data for 2024-08-02
2025-07-30 14:16:49,413 - Connection - INFO - Fetch all data for 2024-08-02
2025-07-30 14:16:49,527 - Connection - INFO - Get summary from 2024-08-02 to 2024-08-15
2025-07-30 14:18:12,355 - Connection - INFO - Fetch all data for 2024-08-02
2025-07-30 14:18:16,137 - Connection - INFO - Fetch all data for 2024-08-02
2025-07-30 14:18:16,265 - Connection - INFO - Get summary from 2024-08-02 to 2024-08-15
2025-07-30 14:44:37,467 - Connection - INFO - Fetch all data for 2024-08-02
2025-07-30 14:44:54,073 - Connection - INFO - Fetch all data for 2024-08-02
2025-07-30 14:44:55,503 - Connection - INFO - Get summary from 2024-08-02 to 2024-08-15
2025-07-30 14:45:26,749 - Connection - INFO - Fetch all data for 2024-08-02
2025-07-30 14:45:26,849 - Connection - INFO - Get summary from 2024-08-02 to 2024-08-15
2025-07-30 14:45:50,774 - Connection - INFO - Fetch all data for 2024-08-02
2025-07-30 14:45:51,265 - Connection - INFO - Get summary from 2024-08-02 to 2024-08-15
2025-07-30 14:47:22,946 - Connection - INFO - Fetch all data for 2024-08-02
2025-07-30 14:47:26,085 - Connection - INFO - Fetch all data for 2024-08-02
2025-07-30 14:47:26,351 - Connection - INFO - Get summary from 2024-08-02 to 2024-08-15
2025-07-30 14:48:08,055 - Connection - INFO - Fetch all data for 2024-08-02
2025-07-30 14:48:08,222 - Connection - INFO - Get summary from 2024-08-02 to 2024-08-15
2025-07-30 14:49:06,979 - Connection - INFO - Fetch all data for 2024-08-02
2025-07-30 14:49:07,233 - Connection - INFO - Get summary from 2024-08-02 to 2024-08-15
2025-07-30 16:59:56,153 - Connection - INFO - Fetch all data for 2024-08-02
2025-07-30 16:59:56,668 - Connection - INFO - Get summary from 2024-08-02 to 2024-08-15
2025-07-30 18:09:21,356 - Connection - INFO - Get data analytics by month
2025-07-30 18:21:05,524 - Connection - INFO - Fetch all data for 2024-08-02
2025-07-30 18:21:43,846 - Connection - INFO - Fetch all data for 2024-08-02
2025-07-30 18:23:19,925 - Connection - INFO - Fetch all data for 2024-08-02
2025-07-30 18:23:23,129 - Connection - INFO - Fetch all data for 2024-08-02
2025-07-30 18:23:23,250 - Connection - INFO - Get data analytics by month
2025-07-30 18:25:13,200 - Connection - INFO - Fetch all data for 2024-08-02
2025-07-30 18:25:14,225 - Connection - INFO - Get data analytics by month
2025-07-30 18:30:36,564 - Connection - INFO - Fetch all data for 2024-08-02
2025-07-30 18:30:40,824 - Connection - INFO - Fetch all data for 2024-08-02
2025-07-30 18:30:40,947 - Connection - INFO - Get data analytics by month
2025-07-30 18:33:17,521 - Connection - INFO - Fetch all data for 2024-08-02
2025-07-30 18:33:33,954 - Connection - INFO - Fetch all data for 2024-08-02
2025-07-30 18:33:37,298 - Connection - INFO - Fetch all data for 2024-08-02
2025-07-30 18:33:37,422 - Connection - INFO - Get data analytics by month
2025-07-30 18:34:58,058 - Connection - INFO - Fetch all data for 2024-08-02
2025-07-30 18:34:58,232 - Connection - INFO - Get data analytics by month
2025-07-30 18:37:21,810 - Connection - INFO - Fetch all data for 2024-08-02
2025-07-30 18:37:25,788 - Connection - INFO - Fetch all data for 2024-08-02
2025-07-30 18:37:26,001 - Connection - INFO - Get data analytics by month
2025-07-30 18:38:15,640 - Connection - INFO - Fetch all data for 2024-08-02
2025-07-30 18:38:19,889 - Connection - INFO - Fetch all data for 2024-08-02
2025-07-30 18:38:20,073 - Connection - INFO - Get data analytics by month
2025-07-30 18:39:46,403 - Connection - INFO - Fetch all data for 2024-08-02
2025-07-30 18:39:50,264 - Connection - INFO - Fetch all data for 2024-08-02
2025-07-30 18:39:50,627 - Connection - INFO - Get data analytics by month
2025-07-30 18:40:25,156 - Connection - INFO - Fetch all data for 2024-08-02
2025-07-30 18:40:32,008 - Connection - INFO - Fetch all data for 2024-08-02
2025-07-30 18:40:33,856 - Connection - INFO - Get data analytics by month
2025-07-30 18:41:02,163 - Connection - INFO - Fetch all data for 2024-08-02
2025-07-30 18:41:02,284 - Connection - INFO - Get summary from 2024-08-02 to 2024-08-15
2025-07-30 18:41:17,668 - Connection - INFO - Fetch all data for 2024-08-02
2025-07-30 18:41:17,772 - Connection - INFO - Get data analytics by month
